<?xml version="1.0" encoding="UTF-8"?>
<testsuite xmlns:xsi="http://www.w3.org/2001/XMLSchema-instance" xsi:noNamespaceSchemaLocation="https://maven.apache.org/surefire/maven-surefire-plugin/xsd/surefire-test-report.xsd" name="org.example.notificationsystem.PhoneNumberRepositoryTest" time="0.053" tests="4" errors="0" skipped="0" failures="0">
  <properties>
    <property name="java.specification.version" value="23"/>
    <property name="sun.jnu.encoding" value="UTF-8"/>
    <property name="java.class.path" value="/Users/saisitamalladi/IdeaProjects/NotificationSystem/target/test-classes:/Users/saisitamalladi/IdeaProjects/NotificationSystem/target/classes:/Users/saisitamalladi/.m2/repository/org/springframework/boot/spring-boot-starter-data-jpa/2.7.18/spring-boot-starter-data-jpa-2.7.18.jar:/Users/saisitamalladi/.m2/repository/org/springframework/boot/spring-boot-starter-aop/2.7.18/spring-boot-starter-aop-2.7.18.jar:/Users/saisitamalladi/.m2/repository/org/aspectj/aspectjweaver/1.9.7/aspectjweaver-1.9.7.jar:/Users/saisitamalladi/.m2/repository/org/springframework/boot/spring-boot-starter-jdbc/2.7.18/spring-boot-starter-jdbc-2.7.18.jar:/Users/saisitamalladi/.m2/repository/com/zaxxer/HikariCP/4.0.3/HikariCP-4.0.3.jar:/Users/saisitamalladi/.m2/repository/org/springframework/spring-jdbc/5.3.31/spring-jdbc-5.3.31.jar:/Users/saisitamalladi/.m2/repository/jakarta/transaction/jakarta.transaction-api/1.3.3/jakarta.transaction-api-1.3.3.jar:/Users/saisitamalladi/.m2/repository/jakarta/persistence/jakarta.persistence-api/2.2.3/jakarta.persistence-api-2.2.3.jar:/Users/saisitamalladi/.m2/repository/org/hibernate/hibernate-core/5.6.15.Final/hibernate-core-5.6.15.Final.jar:/Users/saisitamalladi/.m2/repository/org/jboss/logging/jboss-logging/3.4.3.Final/jboss-logging-3.4.3.Final.jar:/Users/saisitamalladi/.m2/repository/net/bytebuddy/byte-buddy/1.12.23/byte-buddy-1.12.23.jar:/Users/saisitamalladi/.m2/repository/antlr/antlr/2.7.7/antlr-2.7.7.jar:/Users/saisitamalladi/.m2/repository/org/jboss/jandex/2.4.2.Final/jandex-2.4.2.Final.jar:/Users/saisitamalladi/.m2/repository/com/fasterxml/classmate/1.5.1/classmate-1.5.1.jar:/Users/saisitamalladi/.m2/repository/org/hibernate/common/hibernate-commons-annotations/5.1.2.Final/hibernate-commons-annotations-5.1.2.Final.jar:/Users/saisitamalladi/.m2/repository/org/glassfish/jaxb/jaxb-runtime/2.3.9/jaxb-runtime-2.3.9.jar:/Users/saisitamalladi/.m2/repository/org/glassfish/jaxb/txw2/2.3.9/txw2-2.3.9.jar:/Users/saisitamalladi/.m2/repository/com/sun/istack/istack-commons-runtime/3.0.12/istack-commons-runtime-3.0.12.jar:/Users/saisitamalladi/.m2/repository/com/sun/activation/jakarta.activation/1.2.2/jakarta.activation-1.2.2.jar:/Users/saisitamalladi/.m2/repository/org/springframework/data/spring-data-jpa/2.7.18/spring-data-jpa-2.7.18.jar:/Users/saisitamalladi/.m2/repository/org/springframework/data/spring-data-commons/2.7.18/spring-data-commons-2.7.18.jar:/Users/saisitamalladi/.m2/repository/org/springframework/spring-orm/5.3.31/spring-orm-5.3.31.jar:/Users/saisitamalladi/.m2/repository/org/springframework/spring-beans/5.3.31/spring-beans-5.3.31.jar:/Users/saisitamalladi/.m2/repository/org/slf4j/slf4j-api/1.7.36/slf4j-api-1.7.36.jar:/Users/saisitamalladi/.m2/repository/org/springframework/spring-aspects/5.3.31/spring-aspects-5.3.31.jar:/Users/saisitamalladi/.m2/repository/mysql/mysql-connector-java/8.0.28/mysql-connector-java-8.0.28.jar:/Users/saisitamalladi/.m2/repository/com/google/protobuf/protobuf-java/3.11.4/protobuf-java-3.11.4.jar:/Users/saisitamalladi/.m2/repository/org/springframework/boot/spring-boot-starter-data-redis/2.7.18/spring-boot-starter-data-redis-2.7.18.jar:/Users/saisitamalladi/.m2/repository/org/springframework/boot/spring-boot-starter/2.7.18/spring-boot-starter-2.7.18.jar:/Users/saisitamalladi/.m2/repository/org/springframework/boot/spring-boot/2.7.18/spring-boot-2.7.18.jar:/Users/saisitamalladi/.m2/repository/org/springframework/boot/spring-boot-autoconfigure/2.7.18/spring-boot-autoconfigure-2.7.18.jar:/Users/saisitamalladi/.m2/repository/jakarta/annotation/jakarta.annotation-api/1.3.5/jakarta.annotation-api-1.3.5.jar:/Users/saisitamalladi/.m2/repository/org/yaml/snakeyaml/1.30/snakeyaml-1.30.jar:/Users/saisitamalladi/.m2/repository/org/springframework/data/spring-data-redis/2.7.18/spring-data-redis-2.7.18.jar:/Users/saisitamalladi/.m2/repository/org/springframework/data/spring-data-keyvalue/2.7.18/spring-data-keyvalue-2.7.18.jar:/Users/saisitamalladi/.m2/repository/org/springframework/spring-oxm/5.3.31/spring-oxm-5.3.31.jar:/Users/saisitamalladi/.m2/repository/org/springframework/spring-context-support/5.3.31/spring-context-support-5.3.31.jar:/Users/saisitamalladi/.m2/repository/io/lettuce/lettuce-core/6.1.10.RELEASE/lettuce-core-6.1.10.RELEASE.jar:/Users/saisitamalladi/.m2/repository/io/netty/netty-common/4.1.101.Final/netty-common-4.1.101.Final.jar:/Users/saisitamalladi/.m2/repository/io/netty/netty-handler/4.1.101.Final/netty-handler-4.1.101.Final.jar:/Users/saisitamalladi/.m2/repository/io/netty/netty-resolver/4.1.101.Final/netty-resolver-4.1.101.Final.jar:/Users/saisitamalladi/.m2/repository/io/netty/netty-buffer/4.1.101.Final/netty-buffer-4.1.101.Final.jar:/Users/saisitamalladi/.m2/repository/io/netty/netty-transport-native-unix-common/4.1.101.Final/netty-transport-native-unix-common-4.1.101.Final.jar:/Users/saisitamalladi/.m2/repository/io/netty/netty-codec/4.1.101.Final/netty-codec-4.1.101.Final.jar:/Users/saisitamalladi/.m2/repository/io/netty/netty-transport/4.1.101.Final/netty-transport-4.1.101.Final.jar:/Users/saisitamalladi/.m2/repository/io/projectreactor/reactor-core/3.4.34/reactor-core-3.4.34.jar:/Users/saisitamalladi/.m2/repository/org/reactivestreams/reactive-streams/1.0.4/reactive-streams-1.0.4.jar:/Users/saisitamalladi/.m2/repository/org/springframework/boot/spring-boot-starter-security/2.7.18/spring-boot-starter-security-2.7.18.jar:/Users/saisitamalladi/.m2/repository/org/springframework/spring-aop/5.3.31/spring-aop-5.3.31.jar:/Users/saisitamalladi/.m2/repository/org/springframework/security/spring-security-config/5.7.11/spring-security-config-5.7.11.jar:/Users/saisitamalladi/.m2/repository/org/springframework/security/spring-security-web/5.7.11/spring-security-web-5.7.11.jar:/Users/saisitamalladi/.m2/repository/org/springframework/spring-expression/5.3.31/spring-expression-5.3.31.jar:/Users/saisitamalladi/.m2/repository/org/springframework/boot/spring-boot-starter-web/2.7.18/spring-boot-starter-web-2.7.18.jar:/Users/saisitamalladi/.m2/repository/org/springframework/boot/spring-boot-starter-json/2.7.18/spring-boot-starter-json-2.7.18.jar:/Users/saisitamalladi/.m2/repository/com/fasterxml/jackson/core/jackson-databind/2.13.5/jackson-databind-2.13.5.jar:/Users/saisitamalladi/.m2/repository/com/fasterxml/jackson/core/jackson-annotations/2.13.5/jackson-annotations-2.13.5.jar:/Users/saisitamalladi/.m2/repository/com/fasterxml/jackson/datatype/jackson-datatype-jdk8/2.13.5/jackson-datatype-jdk8-2.13.5.jar:/Users/saisitamalladi/.m2/repository/com/fasterxml/jackson/datatype/jackson-datatype-jsr310/2.13.5/jackson-datatype-jsr310-2.13.5.jar:/Users/saisitamalladi/.m2/repository/com/fasterxml/jackson/module/jackson-module-parameter-names/2.13.5/jackson-module-parameter-names-2.13.5.jar:/Users/saisitamalladi/.m2/repository/org/springframework/boot/spring-boot-starter-tomcat/2.7.18/spring-boot-starter-tomcat-2.7.18.jar:/Users/saisitamalladi/.m2/repository/org/apache/tomcat/embed/tomcat-embed-core/9.0.83/tomcat-embed-core-9.0.83.jar:/Users/saisitamalladi/.m2/repository/org/apache/tomcat/embed/tomcat-embed-websocket/9.0.83/tomcat-embed-websocket-9.0.83.jar:/Users/saisitamalladi/.m2/repository/org/springframework/spring-web/5.3.31/spring-web-5.3.31.jar:/Users/saisitamalladi/.m2/repository/org/springframework/spring-webmvc/5.3.31/spring-webmvc-5.3.31.jar:/Users/saisitamalladi/.m2/repository/org/springframework/boot/spring-boot-starter-test/2.7.18/spring-boot-starter-test-2.7.18.jar:/Users/saisitamalladi/.m2/repository/org/springframework/boot/spring-boot-test/2.7.18/spring-boot-test-2.7.18.jar:/Users/saisitamalladi/.m2/repository/org/springframework/boot/spring-boot-test-autoconfigure/2.7.18/spring-boot-test-autoconfigure-2.7.18.jar:/Users/saisitamalladi/.m2/repository/com/jayway/jsonpath/json-path/2.7.0/json-path-2.7.0.jar:/Users/saisitamalladi/.m2/repository/net/minidev/json-smart/2.4.11/json-smart-2.4.11.jar:/Users/saisitamalladi/.m2/repository/net/minidev/accessors-smart/2.4.11/accessors-smart-2.4.11.jar:/Users/saisitamalladi/.m2/repository/org/ow2/asm/asm/9.3/asm-9.3.jar:/Users/saisitamalladi/.m2/repository/jakarta/xml/bind/jakarta.xml.bind-api/2.3.3/jakarta.xml.bind-api-2.3.3.jar:/Users/saisitamalladi/.m2/repository/jakarta/activation/jakarta.activation-api/1.2.2/jakarta.activation-api-1.2.2.jar:/Users/saisitamalladi/.m2/repository/org/assertj/assertj-core/3.22.0/assertj-core-3.22.0.jar:/Users/saisitamalladi/.m2/repository/org/hamcrest/hamcrest/2.2/hamcrest-2.2.jar:/Users/saisitamalladi/.m2/repository/org/junit/jupiter/junit-jupiter/5.8.2/junit-jupiter-5.8.2.jar:/Users/saisitamalladi/.m2/repository/org/junit/jupiter/junit-jupiter-params/5.8.2/junit-jupiter-params-5.8.2.jar:/Users/saisitamalladi/.m2/repository/org/junit/jupiter/junit-jupiter-engine/5.8.2/junit-jupiter-engine-5.8.2.jar:/Users/saisitamalladi/.m2/repository/org/junit/platform/junit-platform-engine/1.8.2/junit-platform-engine-1.8.2.jar:/Users/saisitamalladi/.m2/repository/org/mockito/mockito-core/4.5.1/mockito-core-4.5.1.jar:/Users/saisitamalladi/.m2/repository/net/bytebuddy/byte-buddy-agent/1.12.23/byte-buddy-agent-1.12.23.jar:/Users/saisitamalladi/.m2/repository/org/objenesis/objenesis/3.2/objenesis-3.2.jar:/Users/saisitamalladi/.m2/repository/org/mockito/mockito-junit-jupiter/4.5.1/mockito-junit-jupiter-4.5.1.jar:/Users/saisitamalladi/.m2/repository/org/skyscreamer/jsonassert/1.5.1/jsonassert-1.5.1.jar:/Users/saisitamalladi/.m2/repository/com/vaadin/external/google/android-json/0.0.20131108.vaadin1/android-json-0.0.20131108.vaadin1.jar:/Users/saisitamalladi/.m2/repository/org/springframework/spring-core/5.3.31/spring-core-5.3.31.jar:/Users/saisitamalladi/.m2/repository/org/springframework/spring-jcl/5.3.31/spring-jcl-5.3.31.jar:/Users/saisitamalladi/.m2/repository/org/springframework/spring-test/5.3.31/spring-test-5.3.31.jar:/Users/saisitamalladi/.m2/repository/org/xmlunit/xmlunit-core/2.9.1/xmlunit-core-2.9.1.jar:/Users/saisitamalladi/.m2/repository/org/springframework/security/spring-security-test/5.7.11/spring-security-test-5.7.11.jar:/Users/saisitamalladi/.m2/repository/org/springframework/security/spring-security-core/5.7.11/spring-security-core-5.7.11.jar:/Users/saisitamalladi/.m2/repository/org/springframework/security/spring-security-crypto/5.7.11/spring-security-crypto-5.7.11.jar:/Users/saisitamalladi/.m2/repository/org/springframework/boot/spring-boot-starter-validation/2.7.18/spring-boot-starter-validation-2.7.18.jar:/Users/saisitamalladi/.m2/repository/org/apache/tomcat/embed/tomcat-embed-el/9.0.83/tomcat-embed-el-9.0.83.jar:/Users/saisitamalladi/.m2/repository/org/hibernate/validator/hibernate-validator/6.2.5.Final/hibernate-validator-6.2.5.Final.jar:/Users/saisitamalladi/.m2/repository/jakarta/validation/jakarta.validation-api/2.0.2/jakarta.validation-api-2.0.2.jar:/Users/saisitamalladi/.m2/repository/org/projectlombok/lombok/1.18.36/lombok-1.18.36.jar:/Users/saisitamalladi/.m2/repository/org/springframework/boot/spring-boot-starter-actuator/2.7.18/spring-boot-starter-actuator-2.7.18.jar:/Users/saisitamalladi/.m2/repository/org/springframework/boot/spring-boot-actuator-autoconfigure/2.7.18/spring-boot-actuator-autoconfigure-2.7.18.jar:/Users/saisitamalladi/.m2/repository/org/springframework/boot/spring-boot-actuator/2.7.18/spring-boot-actuator-2.7.18.jar:/Users/saisitamalladi/.m2/repository/io/micrometer/micrometer-core/1.9.17/micrometer-core-1.9.17.jar:/Users/saisitamalladi/.m2/repository/org/hdrhistogram/HdrHistogram/2.1.12/HdrHistogram-2.1.12.jar:/Users/saisitamalladi/.m2/repository/org/latencyutils/LatencyUtils/2.0.3/LatencyUtils-2.0.3.jar:/Users/saisitamalladi/.m2/repository/org/springframework/boot/spring-boot-starter-data-elasticsearch/2.7.18/spring-boot-starter-data-elasticsearch-2.7.18.jar:/Users/saisitamalladi/.m2/repository/org/springframework/data/spring-data-elasticsearch/4.4.18/spring-data-elasticsearch-4.4.18.jar:/Users/saisitamalladi/.m2/repository/co/elastic/clients/elasticsearch-java/7.17.15/elasticsearch-java-7.17.15.jar:/Users/saisitamalladi/.m2/repository/jakarta/json/jakarta.json-api/1.1.6/jakarta.json-api-1.1.6.jar:/Users/saisitamalladi/.m2/repository/org/eclipse/parsson/parsson/1.0.0/parsson-1.0.0.jar:/Users/saisitamalladi/.m2/repository/com/fasterxml/jackson/core/jackson-core/2.13.5/jackson-core-2.13.5.jar:/Users/saisitamalladi/.m2/repository/org/elasticsearch/client/elasticsearch-rest-high-level-client/7.17.15/elasticsearch-rest-high-level-client-7.17.15.jar:/Users/saisitamalladi/.m2/repository/org/elasticsearch/elasticsearch/7.17.15/elasticsearch-7.17.15.jar:/Users/saisitamalladi/.m2/repository/org/elasticsearch/elasticsearch-core/7.17.15/elasticsearch-core-7.17.15.jar:/Users/saisitamalladi/.m2/repository/org/elasticsearch/elasticsearch-secure-sm/7.17.15/elasticsearch-secure-sm-7.17.15.jar:/Users/saisitamalladi/.m2/repository/org/elasticsearch/elasticsearch-x-content/7.17.15/elasticsearch-x-content-7.17.15.jar:/Users/saisitamalladi/.m2/repository/com/fasterxml/jackson/dataformat/jackson-dataformat-smile/2.13.5/jackson-dataformat-smile-2.13.5.jar:/Users/saisitamalladi/.m2/repository/com/fasterxml/jackson/dataformat/jackson-dataformat-yaml/2.13.5/jackson-dataformat-yaml-2.13.5.jar:/Users/saisitamalladi/.m2/repository/com/fasterxml/jackson/dataformat/jackson-dataformat-cbor/2.13.5/jackson-dataformat-cbor-2.13.5.jar:/Users/saisitamalladi/.m2/repository/org/elasticsearch/elasticsearch-geo/7.17.15/elasticsearch-geo-7.17.15.jar:/Users/saisitamalladi/.m2/repository/org/elasticsearch/elasticsearch-lz4/7.17.15/elasticsearch-lz4-7.17.15.jar:/Users/saisitamalladi/.m2/repository/org/apache/lucene/lucene-core/8.11.1/lucene-core-8.11.1.jar:/Users/saisitamalladi/.m2/repository/org/apache/lucene/lucene-analyzers-common/8.11.1/lucene-analyzers-common-8.11.1.jar:/Users/saisitamalladi/.m2/repository/org/apache/lucene/lucene-backward-codecs/8.11.1/lucene-backward-codecs-8.11.1.jar:/Users/saisitamalladi/.m2/repository/org/apache/lucene/lucene-grouping/8.11.1/lucene-grouping-8.11.1.jar:/Users/saisitamalladi/.m2/repository/org/apache/lucene/lucene-highlighter/8.11.1/lucene-highlighter-8.11.1.jar:/Users/saisitamalladi/.m2/repository/org/apache/lucene/lucene-join/8.11.1/lucene-join-8.11.1.jar:/Users/saisitamalladi/.m2/repository/org/apache/lucene/lucene-memory/8.11.1/lucene-memory-8.11.1.jar:/Users/saisitamalladi/.m2/repository/org/apache/lucene/lucene-misc/8.11.1/lucene-misc-8.11.1.jar:/Users/saisitamalladi/.m2/repository/org/apache/lucene/lucene-queries/8.11.1/lucene-queries-8.11.1.jar:/Users/saisitamalladi/.m2/repository/org/apache/lucene/lucene-queryparser/8.11.1/lucene-queryparser-8.11.1.jar:/Users/saisitamalladi/.m2/repository/org/apache/lucene/lucene-sandbox/8.11.1/lucene-sandbox-8.11.1.jar:/Users/saisitamalladi/.m2/repository/org/apache/lucene/lucene-spatial3d/8.11.1/lucene-spatial3d-8.11.1.jar:/Users/saisitamalladi/.m2/repository/org/apache/lucene/lucene-suggest/8.11.1/lucene-suggest-8.11.1.jar:/Users/saisitamalladi/.m2/repository/org/elasticsearch/elasticsearch-cli/7.17.15/elasticsearch-cli-7.17.15.jar:/Users/saisitamalladi/.m2/repository/com/carrotsearch/hppc/0.8.1/hppc-0.8.1.jar:/Users/saisitamalladi/.m2/repository/joda-time/joda-time/2.10.10/joda-time-2.10.10.jar:/Users/saisitamalladi/.m2/repository/com/tdunning/t-digest/3.2/t-digest-3.2.jar:/Users/saisitamalladi/.m2/repository/org/apache/logging/log4j/log4j-api/2.17.2/log4j-api-2.17.2.jar:/Users/saisitamalladi/.m2/repository/net/java/dev/jna/jna/5.10.0/jna-5.10.0.jar:/Users/saisitamalladi/.m2/repository/org/elasticsearch/elasticsearch-plugin-classloader/7.17.15/elasticsearch-plugin-classloader-7.17.15.jar:/Users/saisitamalladi/.m2/repository/org/elasticsearch/client/elasticsearch-rest-client/7.17.15/elasticsearch-rest-client-7.17.15.jar:/Users/saisitamalladi/.m2/repository/org/apache/httpcomponents/httpclient/4.5.14/httpclient-4.5.14.jar:/Users/saisitamalladi/.m2/repository/org/apache/httpcomponents/httpcore/4.4.16/httpcore-4.4.16.jar:/Users/saisitamalladi/.m2/repository/org/apache/httpcomponents/httpasyncclient/4.1.5/httpasyncclient-4.1.5.jar:/Users/saisitamalladi/.m2/repository/org/apache/httpcomponents/httpcore-nio/4.4.16/httpcore-nio-4.4.16.jar:/Users/saisitamalladi/.m2/repository/commons-codec/commons-codec/1.15/commons-codec-1.15.jar:/Users/saisitamalladi/.m2/repository/org/elasticsearch/plugin/mapper-extras-client/7.17.15/mapper-extras-client-7.17.15.jar:/Users/saisitamalladi/.m2/repository/org/elasticsearch/plugin/parent-join-client/7.17.15/parent-join-client-7.17.15.jar:/Users/saisitamalladi/.m2/repository/org/elasticsearch/plugin/aggs-matrix-stats-client/7.17.15/aggs-matrix-stats-client-7.17.15.jar:/Users/saisitamalladi/.m2/repository/org/elasticsearch/plugin/rank-eval-client/7.17.15/rank-eval-client-7.17.15.jar:/Users/saisitamalladi/.m2/repository/org/elasticsearch/plugin/lang-mustache-client/7.17.15/lang-mustache-client-7.17.15.jar:/Users/saisitamalladi/.m2/repository/com/github/spullara/mustache/java/compiler/0.9.6/compiler-0.9.6.jar:/Users/saisitamalladi/.m2/repository/org/springframework/kafka/spring-kafka/2.8.11/spring-kafka-2.8.11.jar:/Users/saisitamalladi/.m2/repository/org/springframework/spring-context/5.3.31/spring-context-5.3.31.jar:/Users/saisitamalladi/.m2/repository/org/springframework/spring-messaging/5.3.31/spring-messaging-5.3.31.jar:/Users/saisitamalladi/.m2/repository/org/springframework/spring-tx/5.3.31/spring-tx-5.3.31.jar:/Users/saisitamalladi/.m2/repository/org/springframework/retry/spring-retry/1.3.4/spring-retry-1.3.4.jar:/Users/saisitamalladi/.m2/repository/org/apache/kafka/kafka-clients/3.1.2/kafka-clients-3.1.2.jar:/Users/saisitamalladi/.m2/repository/com/github/luben/zstd-jni/1.5.0-4/zstd-jni-1.5.0-4.jar:/Users/saisitamalladi/.m2/repository/org/lz4/lz4-java/1.8.0/lz4-java-1.8.0.jar:/Users/saisitamalladi/.m2/repository/org/xerial/snappy/snappy-java/1.1.8.4/snappy-java-1.1.8.4.jar:/Users/saisitamalladi/.m2/repository/com/google/code/findbugs/jsr305/3.0.2/jsr305-3.0.2.jar:/Users/saisitamalladi/.m2/repository/org/springframework/kafka/spring-kafka-test/2.8.11/spring-kafka-test-2.8.11.jar:/Users/saisitamalladi/.m2/repository/org/apache/zookeeper/zookeeper/3.6.3/zookeeper-3.6.3.jar:/Users/saisitamalladi/.m2/repository/org/apache/zookeeper/zookeeper-jute/3.6.3/zookeeper-jute-3.6.3.jar:/Users/saisitamalladi/.m2/repository/org/apache/yetus/audience-annotations/0.5.0/audience-annotations-0.5.0.jar:/Users/saisitamalladi/.m2/repository/io/netty/netty-transport-native-epoll/4.1.101.Final/netty-transport-native-epoll-4.1.101.Final.jar:/Users/saisitamalladi/.m2/repository/io/netty/netty-transport-classes-epoll/4.1.101.Final/netty-transport-classes-epoll-4.1.101.Final.jar:/Users/saisitamalladi/.m2/repository/org/apache/kafka/kafka-clients/3.1.2/kafka-clients-3.1.2-test.jar:/Users/saisitamalladi/.m2/repository/org/apache/kafka/kafka-metadata/3.1.2/kafka-metadata-3.1.2.jar:/Users/saisitamalladi/.m2/repository/org/apache/kafka/kafka-server-common/3.1.2/kafka-server-common-3.1.2.jar:/Users/saisitamalladi/.m2/repository/org/apache/kafka/kafka-raft/3.1.2/kafka-raft-3.1.2.jar:/Users/saisitamalladi/.m2/repository/com/yammer/metrics/metrics-core/2.2.0/metrics-core-2.2.0.jar:/Users/saisitamalladi/.m2/repository/org/apache/kafka/kafka-streams-test-utils/3.1.2/kafka-streams-test-utils-3.1.2.jar:/Users/saisitamalladi/.m2/repository/org/apache/kafka/kafka-streams/3.1.2/kafka-streams-3.1.2.jar:/Users/saisitamalladi/.m2/repository/org/rocksdb/rocksdbjni/6.22.1.1/rocksdbjni-6.22.1.1.jar:/Users/saisitamalladi/.m2/repository/org/apache/kafka/kafka_2.13/3.1.2/kafka_2.13-3.1.2.jar:/Users/saisitamalladi/.m2/repository/org/scala-lang/scala-library/2.13.6/scala-library-2.13.6.jar:/Users/saisitamalladi/.m2/repository/org/apache/kafka/kafka-storage/3.1.2/kafka-storage-3.1.2.jar:/Users/saisitamalladi/.m2/repository/org/apache/kafka/kafka-storage-api/3.1.2/kafka-storage-api-3.1.2.jar:/Users/saisitamalladi/.m2/repository/net/sourceforge/argparse4j/argparse4j/0.7.0/argparse4j-0.7.0.jar:/Users/saisitamalladi/.m2/repository/com/fasterxml/jackson/module/jackson-module-scala_2.13/2.13.5/jackson-module-scala_2.13-2.13.5.jar:/Users/saisitamalladi/.m2/repository/com/thoughtworks/paranamer/paranamer/2.8/paranamer-2.8.jar:/Users/saisitamalladi/.m2/repository/com/fasterxml/jackson/dataformat/jackson-dataformat-csv/2.13.5/jackson-dataformat-csv-2.13.5.jar:/Users/saisitamalladi/.m2/repository/net/sf/jopt-simple/jopt-simple/5.0.4/jopt-simple-5.0.4.jar:/Users/saisitamalladi/.m2/repository/org/bitbucket/b_c/jose4j/0.7.8/jose4j-0.7.8.jar:/Users/saisitamalladi/.m2/repository/org/scala-lang/modules/scala-collection-compat_2.13/2.4.4/scala-collection-compat_2.13-2.4.4.jar:/Users/saisitamalladi/.m2/repository/org/scala-lang/modules/scala-java8-compat_2.13/1.0.0/scala-java8-compat_2.13-1.0.0.jar:/Users/saisitamalladi/.m2/repository/org/scala-lang/scala-reflect/2.13.6/scala-reflect-2.13.6.jar:/Users/saisitamalladi/.m2/repository/com/typesafe/scala-logging/scala-logging_2.13/3.9.3/scala-logging_2.13-3.9.3.jar:/Users/saisitamalladi/.m2/repository/io/dropwizard/metrics/metrics-core/4.2.22/metrics-core-4.2.22.jar:/Users/saisitamalladi/.m2/repository/commons-cli/commons-cli/1.4/commons-cli-1.4.jar:/Users/saisitamalladi/.m2/repository/org/apache/kafka/kafka_2.13/3.1.2/kafka_2.13-3.1.2-test.jar:/Users/saisitamalladi/.m2/repository/org/junit/jupiter/junit-jupiter-api/5.8.2/junit-jupiter-api-5.8.2.jar:/Users/saisitamalladi/.m2/repository/org/opentest4j/opentest4j/1.2.0/opentest4j-1.2.0.jar:/Users/saisitamalladi/.m2/repository/org/junit/platform/junit-platform-commons/1.8.2/junit-platform-commons-1.8.2.jar:/Users/saisitamalladi/.m2/repository/org/apiguardian/apiguardian-api/1.1.2/apiguardian-api-1.1.2.jar:/Users/saisitamalladi/.m2/repository/org/springframework/boot/spring-boot-starter-log4j2/2.7.18/spring-boot-starter-log4j2-2.7.18.jar:/Users/saisitamalladi/.m2/repository/org/apache/logging/log4j/log4j-slf4j-impl/2.17.2/log4j-slf4j-impl-2.17.2.jar:/Users/saisitamalladi/.m2/repository/org/apache/logging/log4j/log4j-core/2.17.2/log4j-core-2.17.2.jar:/Users/saisitamalladi/.m2/repository/org/apache/logging/log4j/log4j-jul/2.17.2/log4j-jul-2.17.2.jar:/Users/saisitamalladi/.m2/repository/org/slf4j/jul-to-slf4j/1.7.36/jul-to-slf4j-1.7.36.jar:/Users/saisitamalladi/.m2/repository/junit/junit/4.13.2/junit-4.13.2.jar:/Users/saisitamalladi/.m2/repository/org/hamcrest/hamcrest-core/2.2/hamcrest-core-2.2.jar:"/>
    <property name="java.vm.vendor" value="Homebrew"/>
    <property name="sun.arch.data.model" value="64"/>
    <property name="java.vendor.url" value="https://github.com/Homebrew/homebrew-core/issues"/>
    <property name="os.name" value="Mac OS X"/>
    <property name="java.vm.specification.version" value="23"/>
    <property name="sun.java.launcher" value="SUN_STANDARD"/>
    <property name="user.country" value="IN"/>
    <property name="sun.boot.library.path" value="/opt/homebrew/Cellar/openjdk/23.0.1/libexec/openjdk.jdk/Contents/Home/lib"/>
    <property name="sun.java.command" value="/Users/saisitamalladi/IdeaProjects/NotificationSystem/target/surefire/surefirebooter13635008121048727639.jar /Users/saisitamalladi/IdeaProjects/NotificationSystem/target/surefire 2025-01-29T15-17-29_546-jvmRun1 surefire7448075397924099113tmp surefire_01922248037772336926tmp"/>
    <property name="http.nonProxyHosts" value="local|*.local|169.254/16|*.169.254/16"/>
    <property name="jdk.debug" value="release"/>
    <property name="surefire.test.class.path" value="/Users/saisitamalladi/IdeaProjects/NotificationSystem/target/test-classes:/Users/saisitamalladi/IdeaProjects/NotificationSystem/target/classes:/Users/saisitamalladi/.m2/repository/org/springframework/boot/spring-boot-starter-data-jpa/2.7.18/spring-boot-starter-data-jpa-2.7.18.jar:/Users/saisitamalladi/.m2/repository/org/springframework/boot/spring-boot-starter-aop/2.7.18/spring-boot-starter-aop-2.7.18.jar:/Users/saisitamalladi/.m2/repository/org/aspectj/aspectjweaver/1.9.7/aspectjweaver-1.9.7.jar:/Users/saisitamalladi/.m2/repository/org/springframework/boot/spring-boot-starter-jdbc/2.7.18/spring-boot-starter-jdbc-2.7.18.jar:/Users/saisitamalladi/.m2/repository/com/zaxxer/HikariCP/4.0.3/HikariCP-4.0.3.jar:/Users/saisitamalladi/.m2/repository/org/springframework/spring-jdbc/5.3.31/spring-jdbc-5.3.31.jar:/Users/saisitamalladi/.m2/repository/jakarta/transaction/jakarta.transaction-api/1.3.3/jakarta.transaction-api-1.3.3.jar:/Users/saisitamalladi/.m2/repository/jakarta/persistence/jakarta.persistence-api/2.2.3/jakarta.persistence-api-2.2.3.jar:/Users/saisitamalladi/.m2/repository/org/hibernate/hibernate-core/5.6.15.Final/hibernate-core-5.6.15.Final.jar:/Users/saisitamalladi/.m2/repository/org/jboss/logging/jboss-logging/3.4.3.Final/jboss-logging-3.4.3.Final.jar:/Users/saisitamalladi/.m2/repository/net/bytebuddy/byte-buddy/1.12.23/byte-buddy-1.12.23.jar:/Users/saisitamalladi/.m2/repository/antlr/antlr/2.7.7/antlr-2.7.7.jar:/Users/saisitamalladi/.m2/repository/org/jboss/jandex/2.4.2.Final/jandex-2.4.2.Final.jar:/Users/saisitamalladi/.m2/repository/com/fasterxml/classmate/1.5.1/classmate-1.5.1.jar:/Users/saisitamalladi/.m2/repository/org/hibernate/common/hibernate-commons-annotations/5.1.2.Final/hibernate-commons-annotations-5.1.2.Final.jar:/Users/saisitamalladi/.m2/repository/org/glassfish/jaxb/jaxb-runtime/2.3.9/jaxb-runtime-2.3.9.jar:/Users/saisitamalladi/.m2/repository/org/glassfish/jaxb/txw2/2.3.9/txw2-2.3.9.jar:/Users/saisitamalladi/.m2/repository/com/sun/istack/istack-commons-runtime/3.0.12/istack-commons-runtime-3.0.12.jar:/Users/saisitamalladi/.m2/repository/com/sun/activation/jakarta.activation/1.2.2/jakarta.activation-1.2.2.jar:/Users/saisitamalladi/.m2/repository/org/springframework/data/spring-data-jpa/2.7.18/spring-data-jpa-2.7.18.jar:/Users/saisitamalladi/.m2/repository/org/springframework/data/spring-data-commons/2.7.18/spring-data-commons-2.7.18.jar:/Users/saisitamalladi/.m2/repository/org/springframework/spring-orm/5.3.31/spring-orm-5.3.31.jar:/Users/saisitamalladi/.m2/repository/org/springframework/spring-beans/5.3.31/spring-beans-5.3.31.jar:/Users/saisitamalladi/.m2/repository/org/slf4j/slf4j-api/1.7.36/slf4j-api-1.7.36.jar:/Users/saisitamalladi/.m2/repository/org/springframework/spring-aspects/5.3.31/spring-aspects-5.3.31.jar:/Users/saisitamalladi/.m2/repository/mysql/mysql-connector-java/8.0.28/mysql-connector-java-8.0.28.jar:/Users/saisitamalladi/.m2/repository/com/google/protobuf/protobuf-java/3.11.4/protobuf-java-3.11.4.jar:/Users/saisitamalladi/.m2/repository/org/springframework/boot/spring-boot-starter-data-redis/2.7.18/spring-boot-starter-data-redis-2.7.18.jar:/Users/saisitamalladi/.m2/repository/org/springframework/boot/spring-boot-starter/2.7.18/spring-boot-starter-2.7.18.jar:/Users/saisitamalladi/.m2/repository/org/springframework/boot/spring-boot/2.7.18/spring-boot-2.7.18.jar:/Users/saisitamalladi/.m2/repository/org/springframework/boot/spring-boot-autoconfigure/2.7.18/spring-boot-autoconfigure-2.7.18.jar:/Users/saisitamalladi/.m2/repository/jakarta/annotation/jakarta.annotation-api/1.3.5/jakarta.annotation-api-1.3.5.jar:/Users/saisitamalladi/.m2/repository/org/yaml/snakeyaml/1.30/snakeyaml-1.30.jar:/Users/saisitamalladi/.m2/repository/org/springframework/data/spring-data-redis/2.7.18/spring-data-redis-2.7.18.jar:/Users/saisitamalladi/.m2/repository/org/springframework/data/spring-data-keyvalue/2.7.18/spring-data-keyvalue-2.7.18.jar:/Users/saisitamalladi/.m2/repository/org/springframework/spring-oxm/5.3.31/spring-oxm-5.3.31.jar:/Users/saisitamalladi/.m2/repository/org/springframework/spring-context-support/5.3.31/spring-context-support-5.3.31.jar:/Users/saisitamalladi/.m2/repository/io/lettuce/lettuce-core/6.1.10.RELEASE/lettuce-core-6.1.10.RELEASE.jar:/Users/saisitamalladi/.m2/repository/io/netty/netty-common/4.1.101.Final/netty-common-4.1.101.Final.jar:/Users/saisitamalladi/.m2/repository/io/netty/netty-handler/4.1.101.Final/netty-handler-4.1.101.Final.jar:/Users/saisitamalladi/.m2/repository/io/netty/netty-resolver/4.1.101.Final/netty-resolver-4.1.101.Final.jar:/Users/saisitamalladi/.m2/repository/io/netty/netty-buffer/4.1.101.Final/netty-buffer-4.1.101.Final.jar:/Users/saisitamalladi/.m2/repository/io/netty/netty-transport-native-unix-common/4.1.101.Final/netty-transport-native-unix-common-4.1.101.Final.jar:/Users/saisitamalladi/.m2/repository/io/netty/netty-codec/4.1.101.Final/netty-codec-4.1.101.Final.jar:/Users/saisitamalladi/.m2/repository/io/netty/netty-transport/4.1.101.Final/netty-transport-4.1.101.Final.jar:/Users/saisitamalladi/.m2/repository/io/projectreactor/reactor-core/3.4.34/reactor-core-3.4.34.jar:/Users/saisitamalladi/.m2/repository/org/reactivestreams/reactive-streams/1.0.4/reactive-streams-1.0.4.jar:/Users/saisitamalladi/.m2/repository/org/springframework/boot/spring-boot-starter-security/2.7.18/spring-boot-starter-security-2.7.18.jar:/Users/saisitamalladi/.m2/repository/org/springframework/spring-aop/5.3.31/spring-aop-5.3.31.jar:/Users/saisitamalladi/.m2/repository/org/springframework/security/spring-security-config/5.7.11/spring-security-config-5.7.11.jar:/Users/saisitamalladi/.m2/repository/org/springframework/security/spring-security-web/5.7.11/spring-security-web-5.7.11.jar:/Users/saisitamalladi/.m2/repository/org/springframework/spring-expression/5.3.31/spring-expression-5.3.31.jar:/Users/saisitamalladi/.m2/repository/org/springframework/boot/spring-boot-starter-web/2.7.18/spring-boot-starter-web-2.7.18.jar:/Users/saisitamalladi/.m2/repository/org/springframework/boot/spring-boot-starter-json/2.7.18/spring-boot-starter-json-2.7.18.jar:/Users/saisitamalladi/.m2/repository/com/fasterxml/jackson/core/jackson-databind/2.13.5/jackson-databind-2.13.5.jar:/Users/saisitamalladi/.m2/repository/com/fasterxml/jackson/core/jackson-annotations/2.13.5/jackson-annotations-2.13.5.jar:/Users/saisitamalladi/.m2/repository/com/fasterxml/jackson/datatype/jackson-datatype-jdk8/2.13.5/jackson-datatype-jdk8-2.13.5.jar:/Users/saisitamalladi/.m2/repository/com/fasterxml/jackson/datatype/jackson-datatype-jsr310/2.13.5/jackson-datatype-jsr310-2.13.5.jar:/Users/saisitamalladi/.m2/repository/com/fasterxml/jackson/module/jackson-module-parameter-names/2.13.5/jackson-module-parameter-names-2.13.5.jar:/Users/saisitamalladi/.m2/repository/org/springframework/boot/spring-boot-starter-tomcat/2.7.18/spring-boot-starter-tomcat-2.7.18.jar:/Users/saisitamalladi/.m2/repository/org/apache/tomcat/embed/tomcat-embed-core/9.0.83/tomcat-embed-core-9.0.83.jar:/Users/saisitamalladi/.m2/repository/org/apache/tomcat/embed/tomcat-embed-websocket/9.0.83/tomcat-embed-websocket-9.0.83.jar:/Users/saisitamalladi/.m2/repository/org/springframework/spring-web/5.3.31/spring-web-5.3.31.jar:/Users/saisitamalladi/.m2/repository/org/springframework/spring-webmvc/5.3.31/spring-webmvc-5.3.31.jar:/Users/saisitamalladi/.m2/repository/org/springframework/boot/spring-boot-starter-test/2.7.18/spring-boot-starter-test-2.7.18.jar:/Users/saisitamalladi/.m2/repository/org/springframework/boot/spring-boot-test/2.7.18/spring-boot-test-2.7.18.jar:/Users/saisitamalladi/.m2/repository/org/springframework/boot/spring-boot-test-autoconfigure/2.7.18/spring-boot-test-autoconfigure-2.7.18.jar:/Users/saisitamalladi/.m2/repository/com/jayway/jsonpath/json-path/2.7.0/json-path-2.7.0.jar:/Users/saisitamalladi/.m2/repository/net/minidev/json-smart/2.4.11/json-smart-2.4.11.jar:/Users/saisitamalladi/.m2/repository/net/minidev/accessors-smart/2.4.11/accessors-smart-2.4.11.jar:/Users/saisitamalladi/.m2/repository/org/ow2/asm/asm/9.3/asm-9.3.jar:/Users/saisitamalladi/.m2/repository/jakarta/xml/bind/jakarta.xml.bind-api/2.3.3/jakarta.xml.bind-api-2.3.3.jar:/Users/saisitamalladi/.m2/repository/jakarta/activation/jakarta.activation-api/1.2.2/jakarta.activation-api-1.2.2.jar:/Users/saisitamalladi/.m2/repository/org/assertj/assertj-core/3.22.0/assertj-core-3.22.0.jar:/Users/saisitamalladi/.m2/repository/org/hamcrest/hamcrest/2.2/hamcrest-2.2.jar:/Users/saisitamalladi/.m2/repository/org/junit/jupiter/junit-jupiter/5.8.2/junit-jupiter-5.8.2.jar:/Users/saisitamalladi/.m2/repository/org/junit/jupiter/junit-jupiter-params/5.8.2/junit-jupiter-params-5.8.2.jar:/Users/saisitamalladi/.m2/repository/org/junit/jupiter/junit-jupiter-engine/5.8.2/junit-jupiter-engine-5.8.2.jar:/Users/saisitamalladi/.m2/repository/org/junit/platform/junit-platform-engine/1.8.2/junit-platform-engine-1.8.2.jar:/Users/saisitamalladi/.m2/repository/org/mockito/mockito-core/4.5.1/mockito-core-4.5.1.jar:/Users/saisitamalladi/.m2/repository/net/bytebuddy/byte-buddy-agent/1.12.23/byte-buddy-agent-1.12.23.jar:/Users/saisitamalladi/.m2/repository/org/objenesis/objenesis/3.2/objenesis-3.2.jar:/Users/saisitamalladi/.m2/repository/org/mockito/mockito-junit-jupiter/4.5.1/mockito-junit-jupiter-4.5.1.jar:/Users/saisitamalladi/.m2/repository/org/skyscreamer/jsonassert/1.5.1/jsonassert-1.5.1.jar:/Users/saisitamalladi/.m2/repository/com/vaadin/external/google/android-json/0.0.20131108.vaadin1/android-json-0.0.20131108.vaadin1.jar:/Users/saisitamalladi/.m2/repository/org/springframework/spring-core/5.3.31/spring-core-5.3.31.jar:/Users/saisitamalladi/.m2/repository/org/springframework/spring-jcl/5.3.31/spring-jcl-5.3.31.jar:/Users/saisitamalladi/.m2/repository/org/springframework/spring-test/5.3.31/spring-test-5.3.31.jar:/Users/saisitamalladi/.m2/repository/org/xmlunit/xmlunit-core/2.9.1/xmlunit-core-2.9.1.jar:/Users/saisitamalladi/.m2/repository/org/springframework/security/spring-security-test/5.7.11/spring-security-test-5.7.11.jar:/Users/saisitamalladi/.m2/repository/org/springframework/security/spring-security-core/5.7.11/spring-security-core-5.7.11.jar:/Users/saisitamalladi/.m2/repository/org/springframework/security/spring-security-crypto/5.7.11/spring-security-crypto-5.7.11.jar:/Users/saisitamalladi/.m2/repository/org/springframework/boot/spring-boot-starter-validation/2.7.18/spring-boot-starter-validation-2.7.18.jar:/Users/saisitamalladi/.m2/repository/org/apache/tomcat/embed/tomcat-embed-el/9.0.83/tomcat-embed-el-9.0.83.jar:/Users/saisitamalladi/.m2/repository/org/hibernate/validator/hibernate-validator/6.2.5.Final/hibernate-validator-6.2.5.Final.jar:/Users/saisitamalladi/.m2/repository/jakarta/validation/jakarta.validation-api/2.0.2/jakarta.validation-api-2.0.2.jar:/Users/saisitamalladi/.m2/repository/org/projectlombok/lombok/1.18.36/lombok-1.18.36.jar:/Users/saisitamalladi/.m2/repository/org/springframework/boot/spring-boot-starter-actuator/2.7.18/spring-boot-starter-actuator-2.7.18.jar:/Users/saisitamalladi/.m2/repository/org/springframework/boot/spring-boot-actuator-autoconfigure/2.7.18/spring-boot-actuator-autoconfigure-2.7.18.jar:/Users/saisitamalladi/.m2/repository/org/springframework/boot/spring-boot-actuator/2.7.18/spring-boot-actuator-2.7.18.jar:/Users/saisitamalladi/.m2/repository/io/micrometer/micrometer-core/1.9.17/micrometer-core-1.9.17.jar:/Users/saisitamalladi/.m2/repository/org/hdrhistogram/HdrHistogram/2.1.12/HdrHistogram-2.1.12.jar:/Users/saisitamalladi/.m2/repository/org/latencyutils/LatencyUtils/2.0.3/LatencyUtils-2.0.3.jar:/Users/saisitamalladi/.m2/repository/org/springframework/boot/spring-boot-starter-data-elasticsearch/2.7.18/spring-boot-starter-data-elasticsearch-2.7.18.jar:/Users/saisitamalladi/.m2/repository/org/springframework/data/spring-data-elasticsearch/4.4.18/spring-data-elasticsearch-4.4.18.jar:/Users/saisitamalladi/.m2/repository/co/elastic/clients/elasticsearch-java/7.17.15/elasticsearch-java-7.17.15.jar:/Users/saisitamalladi/.m2/repository/jakarta/json/jakarta.json-api/1.1.6/jakarta.json-api-1.1.6.jar:/Users/saisitamalladi/.m2/repository/org/eclipse/parsson/parsson/1.0.0/parsson-1.0.0.jar:/Users/saisitamalladi/.m2/repository/com/fasterxml/jackson/core/jackson-core/2.13.5/jackson-core-2.13.5.jar:/Users/saisitamalladi/.m2/repository/org/elasticsearch/client/elasticsearch-rest-high-level-client/7.17.15/elasticsearch-rest-high-level-client-7.17.15.jar:/Users/saisitamalladi/.m2/repository/org/elasticsearch/elasticsearch/7.17.15/elasticsearch-7.17.15.jar:/Users/saisitamalladi/.m2/repository/org/elasticsearch/elasticsearch-core/7.17.15/elasticsearch-core-7.17.15.jar:/Users/saisitamalladi/.m2/repository/org/elasticsearch/elasticsearch-secure-sm/7.17.15/elasticsearch-secure-sm-7.17.15.jar:/Users/saisitamalladi/.m2/repository/org/elasticsearch/elasticsearch-x-content/7.17.15/elasticsearch-x-content-7.17.15.jar:/Users/saisitamalladi/.m2/repository/com/fasterxml/jackson/dataformat/jackson-dataformat-smile/2.13.5/jackson-dataformat-smile-2.13.5.jar:/Users/saisitamalladi/.m2/repository/com/fasterxml/jackson/dataformat/jackson-dataformat-yaml/2.13.5/jackson-dataformat-yaml-2.13.5.jar:/Users/saisitamalladi/.m2/repository/com/fasterxml/jackson/dataformat/jackson-dataformat-cbor/2.13.5/jackson-dataformat-cbor-2.13.5.jar:/Users/saisitamalladi/.m2/repository/org/elasticsearch/elasticsearch-geo/7.17.15/elasticsearch-geo-7.17.15.jar:/Users/saisitamalladi/.m2/repository/org/elasticsearch/elasticsearch-lz4/7.17.15/elasticsearch-lz4-7.17.15.jar:/Users/saisitamalladi/.m2/repository/org/apache/lucene/lucene-core/8.11.1/lucene-core-8.11.1.jar:/Users/saisitamalladi/.m2/repository/org/apache/lucene/lucene-analyzers-common/8.11.1/lucene-analyzers-common-8.11.1.jar:/Users/saisitamalladi/.m2/repository/org/apache/lucene/lucene-backward-codecs/8.11.1/lucene-backward-codecs-8.11.1.jar:/Users/saisitamalladi/.m2/repository/org/apache/lucene/lucene-grouping/8.11.1/lucene-grouping-8.11.1.jar:/Users/saisitamalladi/.m2/repository/org/apache/lucene/lucene-highlighter/8.11.1/lucene-highlighter-8.11.1.jar:/Users/saisitamalladi/.m2/repository/org/apache/lucene/lucene-join/8.11.1/lucene-join-8.11.1.jar:/Users/saisitamalladi/.m2/repository/org/apache/lucene/lucene-memory/8.11.1/lucene-memory-8.11.1.jar:/Users/saisitamalladi/.m2/repository/org/apache/lucene/lucene-misc/8.11.1/lucene-misc-8.11.1.jar:/Users/saisitamalladi/.m2/repository/org/apache/lucene/lucene-queries/8.11.1/lucene-queries-8.11.1.jar:/Users/saisitamalladi/.m2/repository/org/apache/lucene/lucene-queryparser/8.11.1/lucene-queryparser-8.11.1.jar:/Users/saisitamalladi/.m2/repository/org/apache/lucene/lucene-sandbox/8.11.1/lucene-sandbox-8.11.1.jar:/Users/saisitamalladi/.m2/repository/org/apache/lucene/lucene-spatial3d/8.11.1/lucene-spatial3d-8.11.1.jar:/Users/saisitamalladi/.m2/repository/org/apache/lucene/lucene-suggest/8.11.1/lucene-suggest-8.11.1.jar:/Users/saisitamalladi/.m2/repository/org/elasticsearch/elasticsearch-cli/7.17.15/elasticsearch-cli-7.17.15.jar:/Users/saisitamalladi/.m2/repository/com/carrotsearch/hppc/0.8.1/hppc-0.8.1.jar:/Users/saisitamalladi/.m2/repository/joda-time/joda-time/2.10.10/joda-time-2.10.10.jar:/Users/saisitamalladi/.m2/repository/com/tdunning/t-digest/3.2/t-digest-3.2.jar:/Users/saisitamalladi/.m2/repository/org/apache/logging/log4j/log4j-api/2.17.2/log4j-api-2.17.2.jar:/Users/saisitamalladi/.m2/repository/net/java/dev/jna/jna/5.10.0/jna-5.10.0.jar:/Users/saisitamalladi/.m2/repository/org/elasticsearch/elasticsearch-plugin-classloader/7.17.15/elasticsearch-plugin-classloader-7.17.15.jar:/Users/saisitamalladi/.m2/repository/org/elasticsearch/client/elasticsearch-rest-client/7.17.15/elasticsearch-rest-client-7.17.15.jar:/Users/saisitamalladi/.m2/repository/org/apache/httpcomponents/httpclient/4.5.14/httpclient-4.5.14.jar:/Users/saisitamalladi/.m2/repository/org/apache/httpcomponents/httpcore/4.4.16/httpcore-4.4.16.jar:/Users/saisitamalladi/.m2/repository/org/apache/httpcomponents/httpasyncclient/4.1.5/httpasyncclient-4.1.5.jar:/Users/saisitamalladi/.m2/repository/org/apache/httpcomponents/httpcore-nio/4.4.16/httpcore-nio-4.4.16.jar:/Users/saisitamalladi/.m2/repository/commons-codec/commons-codec/1.15/commons-codec-1.15.jar:/Users/saisitamalladi/.m2/repository/org/elasticsearch/plugin/mapper-extras-client/7.17.15/mapper-extras-client-7.17.15.jar:/Users/saisitamalladi/.m2/repository/org/elasticsearch/plugin/parent-join-client/7.17.15/parent-join-client-7.17.15.jar:/Users/saisitamalladi/.m2/repository/org/elasticsearch/plugin/aggs-matrix-stats-client/7.17.15/aggs-matrix-stats-client-7.17.15.jar:/Users/saisitamalladi/.m2/repository/org/elasticsearch/plugin/rank-eval-client/7.17.15/rank-eval-client-7.17.15.jar:/Users/saisitamalladi/.m2/repository/org/elasticsearch/plugin/lang-mustache-client/7.17.15/lang-mustache-client-7.17.15.jar:/Users/saisitamalladi/.m2/repository/com/github/spullara/mustache/java/compiler/0.9.6/compiler-0.9.6.jar:/Users/saisitamalladi/.m2/repository/org/springframework/kafka/spring-kafka/2.8.11/spring-kafka-2.8.11.jar:/Users/saisitamalladi/.m2/repository/org/springframework/spring-context/5.3.31/spring-context-5.3.31.jar:/Users/saisitamalladi/.m2/repository/org/springframework/spring-messaging/5.3.31/spring-messaging-5.3.31.jar:/Users/saisitamalladi/.m2/repository/org/springframework/spring-tx/5.3.31/spring-tx-5.3.31.jar:/Users/saisitamalladi/.m2/repository/org/springframework/retry/spring-retry/1.3.4/spring-retry-1.3.4.jar:/Users/saisitamalladi/.m2/repository/org/apache/kafka/kafka-clients/3.1.2/kafka-clients-3.1.2.jar:/Users/saisitamalladi/.m2/repository/com/github/luben/zstd-jni/1.5.0-4/zstd-jni-1.5.0-4.jar:/Users/saisitamalladi/.m2/repository/org/lz4/lz4-java/1.8.0/lz4-java-1.8.0.jar:/Users/saisitamalladi/.m2/repository/org/xerial/snappy/snappy-java/1.1.8.4/snappy-java-1.1.8.4.jar:/Users/saisitamalladi/.m2/repository/com/google/code/findbugs/jsr305/3.0.2/jsr305-3.0.2.jar:/Users/saisitamalladi/.m2/repository/org/springframework/kafka/spring-kafka-test/2.8.11/spring-kafka-test-2.8.11.jar:/Users/saisitamalladi/.m2/repository/org/apache/zookeeper/zookeeper/3.6.3/zookeeper-3.6.3.jar:/Users/saisitamalladi/.m2/repository/org/apache/zookeeper/zookeeper-jute/3.6.3/zookeeper-jute-3.6.3.jar:/Users/saisitamalladi/.m2/repository/org/apache/yetus/audience-annotations/0.5.0/audience-annotations-0.5.0.jar:/Users/saisitamalladi/.m2/repository/io/netty/netty-transport-native-epoll/4.1.101.Final/netty-transport-native-epoll-4.1.101.Final.jar:/Users/saisitamalladi/.m2/repository/io/netty/netty-transport-classes-epoll/4.1.101.Final/netty-transport-classes-epoll-4.1.101.Final.jar:/Users/saisitamalladi/.m2/repository/org/apache/kafka/kafka-clients/3.1.2/kafka-clients-3.1.2-test.jar:/Users/saisitamalladi/.m2/repository/org/apache/kafka/kafka-metadata/3.1.2/kafka-metadata-3.1.2.jar:/Users/saisitamalladi/.m2/repository/org/apache/kafka/kafka-server-common/3.1.2/kafka-server-common-3.1.2.jar:/Users/saisitamalladi/.m2/repository/org/apache/kafka/kafka-raft/3.1.2/kafka-raft-3.1.2.jar:/Users/saisitamalladi/.m2/repository/com/yammer/metrics/metrics-core/2.2.0/metrics-core-2.2.0.jar:/Users/saisitamalladi/.m2/repository/org/apache/kafka/kafka-streams-test-utils/3.1.2/kafka-streams-test-utils-3.1.2.jar:/Users/saisitamalladi/.m2/repository/org/apache/kafka/kafka-streams/3.1.2/kafka-streams-3.1.2.jar:/Users/saisitamalladi/.m2/repository/org/rocksdb/rocksdbjni/6.22.1.1/rocksdbjni-6.22.1.1.jar:/Users/saisitamalladi/.m2/repository/org/apache/kafka/kafka_2.13/3.1.2/kafka_2.13-3.1.2.jar:/Users/saisitamalladi/.m2/repository/org/scala-lang/scala-library/2.13.6/scala-library-2.13.6.jar:/Users/saisitamalladi/.m2/repository/org/apache/kafka/kafka-storage/3.1.2/kafka-storage-3.1.2.jar:/Users/saisitamalladi/.m2/repository/org/apache/kafka/kafka-storage-api/3.1.2/kafka-storage-api-3.1.2.jar:/Users/saisitamalladi/.m2/repository/net/sourceforge/argparse4j/argparse4j/0.7.0/argparse4j-0.7.0.jar:/Users/saisitamalladi/.m2/repository/com/fasterxml/jackson/module/jackson-module-scala_2.13/2.13.5/jackson-module-scala_2.13-2.13.5.jar:/Users/saisitamalladi/.m2/repository/com/thoughtworks/paranamer/paranamer/2.8/paranamer-2.8.jar:/Users/saisitamalladi/.m2/repository/com/fasterxml/jackson/dataformat/jackson-dataformat-csv/2.13.5/jackson-dataformat-csv-2.13.5.jar:/Users/saisitamalladi/.m2/repository/net/sf/jopt-simple/jopt-simple/5.0.4/jopt-simple-5.0.4.jar:/Users/saisitamalladi/.m2/repository/org/bitbucket/b_c/jose4j/0.7.8/jose4j-0.7.8.jar:/Users/saisitamalladi/.m2/repository/org/scala-lang/modules/scala-collection-compat_2.13/2.4.4/scala-collection-compat_2.13-2.4.4.jar:/Users/saisitamalladi/.m2/repository/org/scala-lang/modules/scala-java8-compat_2.13/1.0.0/scala-java8-compat_2.13-1.0.0.jar:/Users/saisitamalladi/.m2/repository/org/scala-lang/scala-reflect/2.13.6/scala-reflect-2.13.6.jar:/Users/saisitamalladi/.m2/repository/com/typesafe/scala-logging/scala-logging_2.13/3.9.3/scala-logging_2.13-3.9.3.jar:/Users/saisitamalladi/.m2/repository/io/dropwizard/metrics/metrics-core/4.2.22/metrics-core-4.2.22.jar:/Users/saisitamalladi/.m2/repository/commons-cli/commons-cli/1.4/commons-cli-1.4.jar:/Users/saisitamalladi/.m2/repository/org/apache/kafka/kafka_2.13/3.1.2/kafka_2.13-3.1.2-test.jar:/Users/saisitamalladi/.m2/repository/org/junit/jupiter/junit-jupiter-api/5.8.2/junit-jupiter-api-5.8.2.jar:/Users/saisitamalladi/.m2/repository/org/opentest4j/opentest4j/1.2.0/opentest4j-1.2.0.jar:/Users/saisitamalladi/.m2/repository/org/junit/platform/junit-platform-commons/1.8.2/junit-platform-commons-1.8.2.jar:/Users/saisitamalladi/.m2/repository/org/apiguardian/apiguardian-api/1.1.2/apiguardian-api-1.1.2.jar:/Users/saisitamalladi/.m2/repository/org/springframework/boot/spring-boot-starter-log4j2/2.7.18/spring-boot-starter-log4j2-2.7.18.jar:/Users/saisitamalladi/.m2/repository/org/apache/logging/log4j/log4j-slf4j-impl/2.17.2/log4j-slf4j-impl-2.17.2.jar:/Users/saisitamalladi/.m2/repository/org/apache/logging/log4j/log4j-core/2.17.2/log4j-core-2.17.2.jar:/Users/saisitamalladi/.m2/repository/org/apache/logging/log4j/log4j-jul/2.17.2/log4j-jul-2.17.2.jar:/Users/saisitamalladi/.m2/repository/org/slf4j/jul-to-slf4j/1.7.36/jul-to-slf4j-1.7.36.jar:/Users/saisitamalladi/.m2/repository/junit/junit/4.13.2/junit-4.13.2.jar:/Users/saisitamalladi/.m2/repository/org/hamcrest/hamcrest-core/2.2/hamcrest-core-2.2.jar:"/>
    <property name="sun.cpu.endian" value="little"/>
    <property name="user.home" value="/Users/saisitamalladi"/>
    <property name="user.language" value="en"/>
    <property name="java.specification.vendor" value="Oracle Corporation"/>
    <property name="java.version.date" value="2024-10-15"/>
    <property name="java.home" value="/opt/homebrew/Cellar/openjdk/23.0.1/libexec/openjdk.jdk/Contents/Home"/>
    <property name="file.separator" value="/"/>
    <property name="basedir" value="/Users/saisitamalladi/IdeaProjects/NotificationSystem"/>
    <property name="java.vm.compressedOopsMode" value="Zero based"/>
    <property name="line.separator" value="&#10;"/>
    <property name="java.vm.specification.vendor" value="Oracle Corporation"/>
    <property name="java.specification.name" value="Java Platform API Specification"/>
    <property name="apple.awt.application.name" value="ForkedBooter"/>
    <property name="surefire.real.class.path" value="/Users/saisitamalladi/IdeaProjects/NotificationSystem/target/surefire/surefirebooter13635008121048727639.jar"/>
    <property name="sun.management.compiler" value="HotSpot 64-Bit Tiered Compilers"/>
    <property name="ftp.nonProxyHosts" value="local|*.local|169.254/16|*.169.254/16"/>
    <property name="java.runtime.version" value="23.0.1"/>
    <property name="user.name" value="saisitamalladi"/>
    <property name="stdout.encoding" value="UTF-8"/>
    <property name="path.separator" value=":"/>
    <property name="os.version" value="15.2"/>
    <property name="java.runtime.name" value="OpenJDK Runtime Environment"/>
    <property name="file.encoding" value="UTF-8"/>
    <property name="java.vm.name" value="OpenJDK 64-Bit Server VM"/>
    <property name="java.vendor.version" value="Homebrew"/>
    <property name="localRepository" value="/Users/saisitamalladi/.m2/repository"/>
    <property name="java.vendor.url.bug" value="https://github.com/Homebrew/homebrew-core/issues"/>
    <property name="java.io.tmpdir" value="/var/folders/vl/0vcpz7n14s17nkz8zj9wdcb80000gp/T/"/>
    <property name="java.version" value="23.0.1"/>
    <property name="user.dir" value="/Users/saisitamalladi/IdeaProjects/NotificationSystem"/>
    <property name="os.arch" value="aarch64"/>
    <property name="java.vm.specification.name" value="Java Virtual Machine Specification"/>
    <property name="native.encoding" value="UTF-8"/>
    <property name="java.library.path" value="/Users/saisitamalladi/Library/Java/Extensions:/Library/Java/Extensions:/Network/Library/Java/Extensions:/System/Library/Java/Extensions:/usr/lib/java:."/>
    <property name="java.vm.info" value="mixed mode, sharing"/>
    <property name="stderr.encoding" value="UTF-8"/>
    <property name="java.vendor" value="Homebrew"/>
    <property name="java.vm.version" value="23.0.1"/>
    <property name="sun.io.unicode.encoding" value="UnicodeBig"/>
    <property name="socksNonProxyHosts" value="local|*.local|169.254/16|*.169.254/16"/>
    <property name="java.class.version" value="67.0"/>
  </properties>
  <testcase name="testFindByPhoneNumberShouldReturnEmptyWhenNotFound" classname="org.example.notificationsystem.PhoneNumberRepositoryTest" time="0.05"/>
  <testcase name="testFindByPhoneNumberShouldReturnPhoneNumber" classname="org.example.notificationsystem.PhoneNumberRepositoryTest" time="0.001"/>
  <testcase name="testFindByPhoneNumberInShouldReturnMatchingPhoneNumbers" classname="org.example.notificationsystem.PhoneNumberRepositoryTest" time="0"/>
  <testcase name="testFindPhoneNumberStringsByBlackListedShouldReturnList" classname="org.example.notificationsystem.PhoneNumberRepositoryTest" time="0.001"/>
</testsuite>